<?xml version="1.0" encoding="UTF-8"?>
<testng-results skipped="0" failed="0" ignored="0" total="2" passed="2">
  <reporter-output>
  </reporter-output>
  <suite name="Main Test Suite" duration-ms="51273" started-at="2019-10-17T15:53:20Z" finished-at="2019-10-17T15:54:12Z">
    <groups>
    </groups>
    <test name="all-tests" duration-ms="51273" started-at="2019-10-17T15:53:20Z" finished-at="2019-10-17T15:54:12Z">
      <class name="com.test.framework.automation.testCases.TC3_AddItemToCardTest">
        <test-method status="PASS" signature="setDriver(java.lang.String)[pri:0, instance:com.test.framework.automation.testCases.TC3_AddItemToCardTest@589838eb]" name="setDriver" is-config="true" duration-ms="33554" started-at="2019-10-17T15:53:38Z" finished-at="2019-10-17T15:54:12Z">
          <params>
            <param index="0">
              <value>
                <![CDATA[CHROME]]>
              </value>
            </param>
          </params>
          <reporter-output>
          </reporter-output>
        </test-method> <!-- setDriver -->
        <test-method status="PASS" signature="setUp()[pri:0, instance:com.test.framework.automation.testCases.TC3_AddItemToCardTest@589838eb]" name="setUp" is-config="true" duration-ms="0" started-at="2019-10-17T15:54:12Z" finished-at="2019-10-17T15:54:12Z">
          <reporter-output>
          </reporter-output>
        </test-method> <!-- setUp -->
        <test-method status="PASS" signature="SelectItemToCard()[pri:0, instance:com.test.framework.automation.testCases.TC3_AddItemToCardTest@589838eb]" name="SelectItemToCard" duration-ms="32" started-at="2019-10-17T15:54:12Z" finished-at="2019-10-17T15:54:12Z">
          <reporter-output>
          </reporter-output>
        </test-method> <!-- SelectItemToCard -->
        <test-method status="FAIL" signature="endTest()[pri:0, instance:com.test.framework.automation.testCases.TC3_AddItemToCardTest@589838eb]" name="endTest" is-config="true" duration-ms="10" started-at="2019-10-17T15:54:12Z" finished-at="2019-10-17T15:54:12Z">
          <exception class="org.openqa.selenium.NoSuchWindowException">
            <message>
              <![CDATA[no such window: target window already closed
from unknown error: web view not found
  (Session info: chrome=77.0.3865.120)
Build info: version: '3.10.0', revision: '176b4a9', time: '2018-03-02T19:03:16.397Z'
System info: host: 'Miheers-MBP', ip: '2001:8f8:1327:6f09:797d:d1bf:44dc:133c%en0', os.name: 'Mac OS X', os.arch: 'x86_64', os.version: '10.14.6', java.version: '1.8.0_181'
Driver info: org.openqa.selenium.chrome.ChromeDriver
Capabilities {acceptInsecureCerts: false, browserName: chrome, browserVersion: 77.0.3865.120, chrome: {chromedriverVersion: 77.0.3865.40 (f484704e052e0..., userDataDir: /var/folders/0t/chg1sc152xl...}, goog:chromeOptions: {debuggerAddress: localhost:59879}, javascriptEnabled: true, networkConnectionEnabled: false, pageLoadStrategy: normal, platform: MAC, platformName: MAC, proxy: Proxy(), setWindowRect: true, strictFileInteractability: false, timeouts: {implicit: 0, pageLoad: 300000, script: 30000}, unhandledPromptBehavior: dismiss and notify}
Session ID: 2b00d06f2fbd28a13dfa2f10e5b788a2]]>
            </message>
            <full-stacktrace>
              <![CDATA[org.openqa.selenium.NoSuchWindowException: no such window: target window already closed
from unknown error: web view not found
  (Session info: chrome=77.0.3865.120)
Build info: version: '3.10.0', revision: '176b4a9', time: '2018-03-02T19:03:16.397Z'
System info: host: 'Miheers-MBP', ip: '2001:8f8:1327:6f09:797d:d1bf:44dc:133c%en0', os.name: 'Mac OS X', os.arch: 'x86_64', os.version: '10.14.6', java.version: '1.8.0_181'
Driver info: org.openqa.selenium.chrome.ChromeDriver
Capabilities {acceptInsecureCerts: false, browserName: chrome, browserVersion: 77.0.3865.120, chrome: {chromedriverVersion: 77.0.3865.40 (f484704e052e0..., userDataDir: /var/folders/0t/chg1sc152xl...}, goog:chromeOptions: {debuggerAddress: localhost:59879}, javascriptEnabled: true, networkConnectionEnabled: false, pageLoadStrategy: normal, platform: MAC, platformName: MAC, proxy: Proxy(), setWindowRect: true, strictFileInteractability: false, timeouts: {implicit: 0, pageLoad: 300000, script: 30000}, unhandledPromptBehavior: dismiss and notify}
Session ID: 2b00d06f2fbd28a13dfa2f10e5b788a2
at sun.reflect.NativeConstructorAccessorImpl.newInstance0(Native Method)
at sun.reflect.NativeConstructorAccessorImpl.newInstance(NativeConstructorAccessorImpl.java:62)
at sun.reflect.DelegatingConstructorAccessorImpl.newInstance(DelegatingConstructorAccessorImpl.java:45)
at java.lang.reflect.Constructor.newInstance(Constructor.java:423)
at org.openqa.selenium.remote.http.W3CHttpResponseCodec.createException(W3CHttpResponseCodec.java:187)
at org.openqa.selenium.remote.http.W3CHttpResponseCodec.decode(W3CHttpResponseCodec.java:122)
at org.openqa.selenium.remote.http.W3CHttpResponseCodec.decode(W3CHttpResponseCodec.java:49)
at org.openqa.selenium.remote.HttpCommandExecutor.execute(HttpCommandExecutor.java:160)
at org.openqa.selenium.remote.service.DriverCommandExecutor.execute(DriverCommandExecutor.java:83)
at org.openqa.selenium.remote.RemoteWebDriver.execute(RemoteWebDriver.java:601)
at org.openqa.selenium.remote.RemoteWebDriver.execute(RemoteWebDriver.java:658)
at org.openqa.selenium.remote.RemoteWebDriver.close(RemoteWebDriver.java:487)
at com.test.framework.automation.baseTest.BaseTest.endTest(BaseTest.java:83)
at sun.reflect.NativeMethodAccessorImpl.invoke0(Native Method)
at sun.reflect.NativeMethodAccessorImpl.invoke(NativeMethodAccessorImpl.java:62)
at sun.reflect.DelegatingMethodAccessorImpl.invoke(DelegatingMethodAccessorImpl.java:43)
at java.lang.reflect.Method.invoke(Method.java:498)
at org.testng.internal.MethodInvocationHelper.invokeMethod(MethodInvocationHelper.java:124)
at org.testng.internal.MethodInvocationHelper.invokeMethodConsideringTimeout(MethodInvocationHelper.java:59)
at org.testng.internal.Invoker.invokeConfigurationMethod(Invoker.java:455)
at org.testng.internal.Invoker.invokeConfigurations(Invoker.java:222)
at org.testng.internal.Invoker.invokeConfigurations(Invoker.java:142)
at org.testng.internal.TestMethodWorker.invokeAfterClassMethods(TestMethodWorker.java:214)
at org.testng.internal.TestMethodWorker.run(TestMethodWorker.java:111)
at org.testng.TestRunner.privateRun(TestRunner.java:648)
at org.testng.TestRunner.run(TestRunner.java:505)
at org.testng.SuiteRunner.runTest(SuiteRunner.java:455)
at org.testng.SuiteRunner.runSequentially(SuiteRunner.java:450)
at org.testng.SuiteRunner.privateRun(SuiteRunner.java:415)
at org.testng.SuiteRunner.run(SuiteRunner.java:364)
at org.testng.SuiteRunnerWorker.runSuite(SuiteRunnerWorker.java:52)
at org.testng.SuiteRunnerWorker.run(SuiteRunnerWorker.java:84)
at org.testng.TestNG.runSuitesSequentially(TestNG.java:1208)
at org.testng.TestNG.runSuitesLocally(TestNG.java:1137)
at org.testng.TestNG.runSuites(TestNG.java:1049)
at org.testng.TestNG.run(TestNG.java:1017)
at org.testng.remote.AbstractRemoteTestNG.run(AbstractRemoteTestNG.java:114)
at org.testng.remote.RemoteTestNG.initAndRun(RemoteTestNG.java:251)
at org.testng.remote.RemoteTestNG.main(RemoteTestNG.java:77)
]]>
            </full-stacktrace>
          </exception> <!-- org.openqa.selenium.NoSuchWindowException -->
          <reporter-output>
          </reporter-output>
        </test-method> <!-- endTest -->
      </class> <!-- com.test.framework.automation.testCases.TC3_AddItemToCardTest -->
      <class name="com.test.framework.automation.testCases.TC2_LoginPageTest">
        <test-method status="PASS" signature="setDriver(java.lang.String)[pri:0, instance:com.test.framework.automation.testCases.TC2_LoginPageTest@271053e1]" name="setDriver" is-config="true" duration-ms="11948" started-at="2019-10-17T15:53:20Z" finished-at="2019-10-17T15:53:32Z">
          <params>
            <param index="0">
              <value>
                <![CDATA[CHROME]]>
              </value>
            </param>
          </params>
          <reporter-output>
          </reporter-output>
        </test-method> <!-- setDriver -->
        <test-method status="PASS" signature="setUp()[pri:0, instance:com.test.framework.automation.testCases.TC2_LoginPageTest@271053e1]" name="setUp" is-config="true" duration-ms="0" started-at="2019-10-17T15:53:32Z" finished-at="2019-10-17T15:53:32Z">
          <reporter-output>
          </reporter-output>
        </test-method> <!-- setUp -->
        <test-method status="PASS" signature="LoginPageTest()[pri:0, instance:com.test.framework.automation.testCases.TC2_LoginPageTest@271053e1]" name="LoginPageTest" duration-ms="5626" started-at="2019-10-17T15:53:32Z" finished-at="2019-10-17T15:53:38Z">
          <reporter-output>
          </reporter-output>
        </test-method> <!-- LoginPageTest -->
        <test-method status="PASS" signature="endTest()[pri:0, instance:com.test.framework.automation.testCases.TC2_LoginPageTest@271053e1]" name="endTest" is-config="true" duration-ms="84" started-at="2019-10-17T15:53:38Z" finished-at="2019-10-17T15:53:38Z">
          <reporter-output>
          </reporter-output>
        </test-method> <!-- endTest -->
      </class> <!-- com.test.framework.automation.testCases.TC2_LoginPageTest -->
    </test> <!-- all-tests -->
  </suite> <!-- Main Test Suite -->
</testng-results>
